# JRE version: Java(TM) SE Runtime Environment (8.0_271-b09) (build 1.8.0_271-b09)
# Java VM: Java HotSpot(TM) 64-Bit Server VM (25.271-b09 mixed mode windows-amd64 compressed oops)
Heap:
 PSYoungGen      total 129536K, used 62975K [0x00000000d5d80000, 0x00000000e2680000, 0x0000000100000000)
  eden space 124416K, 46% used [0x00000000d5d80000,0x00000000d9602180,0x00000000dd700000)
  from space 5120K, 99% used [0x00000000dd700000,0x00000000ddbfdaf8,0x00000000ddc00000)
  to   space 8192K, 0% used [0x00000000e1e80000,0x00000000e1e80000,0x00000000e2680000)
 ParOldGen       total 65024K, used 13185K [0x0000000081800000, 0x0000000085780000, 0x00000000d5d80000)
  object space 65024K, 20% used [0x0000000081800000,0x00000000824e06c0,0x0000000085780000)
 Metaspace       used 32325K, capacity 34270K, committed 34556K, reserved 1079296K
  class space    used 4407K, capacity 4776K, committed 4864K, reserved 1048576K
GC Heap History (10 events):
Event: 4.000 GC heap before
{Heap before GC invocations=7 (full 1):
 PSYoungGen      total 50688K, used 50046K [0x00000000d5d80000, 0x00000000daa00000, 0x0000000100000000)
  eden space 45568K, 99% used [0x00000000d5d80000,0x00000000d89f0d10,0x00000000d8a00000)
  from space 5120K, 88% used [0x00000000d8a00000,0x00000000d8e6ee08,0x00000000d8f00000)
  to   space 5120K, 0% used [0x00000000da500000,0x00000000da500000,0x00000000daa00000)
 ParOldGen       total 55808K, used 3461K [0x0000000081800000, 0x0000000084e80000, 0x00000000d5d80000)
  object space 55808K, 6% used [0x0000000081800000,0x0000000081b614b8,0x0000000084e80000)
 Metaspace       used 19964K, capacity 20872K, committed 21120K, reserved 1069056K
  class space    used 2678K, capacity 2909K, committed 2944K, reserved 1048576K
Event: 4.006 GC heap after
Heap after GC invocations=7 (full 1):
 PSYoungGen      total 73216K, used 4249K [0x00000000d5d80000, 0x00000000daf00000, 0x0000000100000000)
  eden space 68096K, 0% used [0x00000000d5d80000,0x00000000d5d80000,0x00000000da000000)
  from space 5120K, 82% used [0x00000000da500000,0x00000000da926460,0x00000000daa00000)
  to   space 5120K, 0% used [0x00000000da000000,0x00000000da000000,0x00000000da500000)
 ParOldGen       total 55808K, used 3469K [0x0000000081800000, 0x0000000084e80000, 0x00000000d5d80000)
  object space 55808K, 6% used [0x0000000081800000,0x0000000081b634b8,0x0000000084e80000)
 Metaspace       used 19964K, capacity 20872K, committed 21120K, reserved 1069056K
  class space    used 2678K, capacity 2909K, committed 2944K, reserved 1048576K
}
Event: 4.025 GC heap before
{Heap before GC invocations=8 (full 1):
 PSYoungGen      total 73216K, used 15537K [0x00000000d5d80000, 0x00000000daf00000, 0x0000000100000000)
  eden space 68096K, 16% used [0x00000000d5d80000,0x00000000d68860e8,0x00000000da000000)
  from space 5120K, 82% used [0x00000000da500000,0x00000000da926460,0x00000000daa00000)
  to   space 5120K, 0% used [0x00000000da000000,0x00000000da000000,0x00000000da500000)
 ParOldGen       total 55808K, used 3469K [0x0000000081800000, 0x0000000084e80000, 0x00000000d5d80000)
  object space 55808K, 6% used [0x0000000081800000,0x0000000081b634b8,0x0000000084e80000)
 Metaspace       used 20397K, capacity 21354K, committed 21552K, reserved 1069056K
  class space    used 2723K, capacity 2942K, committed 2944K, reserved 1048576K
Event: 4.030 GC heap after
Heap after GC invocations=8 (full 1):
 PSYoungGen      total 73216K, used 3816K [0x00000000d5d80000, 0x00000000de100000, 0x0000000100000000)
  eden space 68096K, 0% used [0x00000000d5d80000,0x00000000d5d80000,0x00000000da000000)
  from space 5120K, 74% used [0x00000000da000000,0x00000000da3ba060,0x00000000da500000)
  to   space 5120K, 0% used [0x00000000ddc00000,0x00000000ddc00000,0x00000000de100000)
 ParOldGen       total 55808K, used 3469K [0x0000000081800000, 0x0000000084e80000, 0x00000000d5d80000)
  object space 55808K, 6% used [0x0000000081800000,0x0000000081b634b8,0x0000000084e80000)
 Metaspace       used 20397K, capacity 21354K, committed 21552K, reserved 1069056K
  class space    used 2723K, capacity 2942K, committed 2944K, reserved 1048576K
}
Event: 4.045 GC heap before
{Heap before GC invocations=9 (full 1):
 PSYoungGen      total 73216K, used 9141K [0x00000000d5d80000, 0x00000000de100000, 0x0000000100000000)
  eden space 68096K, 7% used [0x00000000d5d80000,0x00000000d62b3780,0x00000000da000000)
  from space 5120K, 74% used [0x00000000da000000,0x00000000da3ba060,0x00000000da500000)
  to   space 5120K, 0% used [0x00000000ddc00000,0x00000000ddc00000,0x00000000de100000)
 ParOldGen       total 55808K, used 3469K [0x0000000081800000, 0x0000000084e80000, 0x00000000d5d80000)
  object space 55808K, 6% used [0x0000000081800000,0x0000000081b634b8,0x0000000084e80000)
 Metaspace       used 20734K, capacity 21610K, committed 21628K, reserved 1069056K
  class space    used 2744K, capacity 2942K, committed 2944K, reserved 1048576K
Event: 4.050 GC heap after
Heap after GC invocations=9 (full 1):
 PSYoungGen      total 129536K, used 2801K [0x00000000d5d80000, 0x00000000de500000, 0x0000000100000000)
  eden space 124416K, 0% used [0x00000000d5d80000,0x00000000d5d80000,0x00000000dd700000)
  from space 5120K, 54% used [0x00000000ddc00000,0x00000000ddebc7d0,0x00000000de100000)
  to   space 5120K, 0% used [0x00000000dd700000,0x00000000dd700000,0x00000000ddc00000)
 ParOldGen       total 55808K, used 4464K [0x0000000081800000, 0x0000000084e80000, 0x00000000d5d80000)
  object space 55808K, 8% used [0x0000000081800000,0x0000000081c5c368,0x0000000084e80000)
 Metaspace       used 20734K, capacity 21610K, committed 21628K, reserved 1069056K
  class space    used 2744K, capacity 2942K, committed 2944K, reserved 1048576K
}
Event: 4.050 GC heap before
{Heap before GC invocations=10 (full 2):
 PSYoungGen      total 129536K, used 2801K [0x00000000d5d80000, 0x00000000de500000, 0x0000000100000000)
  eden space 124416K, 0% used [0x00000000d5d80000,0x00000000d5d80000,0x00000000dd700000)
  from space 5120K, 54% used [0x00000000ddc00000,0x00000000ddebc7d0,0x00000000de100000)
  to   space 5120K, 0% used [0x00000000dd700000,0x00000000dd700000,0x00000000ddc00000)
 ParOldGen       total 55808K, used 4464K [0x0000000081800000, 0x0000000084e80000, 0x00000000d5d80000)
  object space 55808K, 8% used [0x0000000081800000,0x0000000081c5c368,0x0000000084e80000)
 Metaspace       used 20734K, capacity 21610K, committed 21628K, reserved 1069056K
  class space    used 2744K, capacity 2942K, committed 2944K, reserved 1048576K
Event: 4.080 GC heap after
Heap after GC invocations=10 (full 2):
 PSYoungGen      total 129536K, used 0K [0x00000000d5d80000, 0x00000000de500000, 0x0000000100000000)
  eden space 124416K, 0% used [0x00000000d5d80000,0x00000000d5d80000,0x00000000dd700000)
  from space 5120K, 0% used [0x00000000ddc00000,0x00000000ddc00000,0x00000000de100000)
  to   space 5120K, 0% used [0x00000000dd700000,0x00000000dd700000,0x00000000ddc00000)
 ParOldGen       total 65024K, used 6269K [0x0000000081800000, 0x0000000085780000, 0x00000000d5d80000)
  object space 65024K, 9% used [0x0000000081800000,0x0000000081e1f530,0x0000000085780000)
 Metaspace       used 20734K, capacity 21610K, committed 21628K, reserved 1069056K
  class space    used 2744K, capacity 2942K, committed 2944K, reserved 1048576K
}
Event: 5.579 GC heap before
{Heap before GC invocations=11 (full 2):
 PSYoungGen      total 129536K, used 124416K [0x00000000d5d80000, 0x00000000de500000, 0x0000000100000000)
  eden space 124416K, 100% used [0x00000000d5d80000,0x00000000dd700000,0x00000000dd700000)
  from space 5120K, 0% used [0x00000000ddc00000,0x00000000ddc00000,0x00000000de100000)
  to   space 5120K, 0% used [0x00000000dd700000,0x00000000dd700000,0x00000000ddc00000)
 ParOldGen       total 65024K, used 6269K [0x0000000081800000, 0x0000000085780000, 0x00000000d5d80000)
  object space 65024K, 9% used [0x0000000081800000,0x0000000081e1f530,0x0000000085780000)
 Metaspace       used 28394K, capacity 29772K, committed 30076K, reserved 1077248K
  class space    used 3826K, capacity 4121K, committed 4224K, reserved 1048576K
Event: 5.597 GC heap after
Heap after GC invocations=11 (full 2):
 PSYoungGen      total 129536K, used 5110K [0x00000000d5d80000, 0x00000000e2680000, 0x0000000100000000)
  eden space 124416K, 0% used [0x00000000d5d80000,0x00000000d5d80000,0x00000000dd700000)
  from space 5120K, 99% used [0x00000000dd700000,0x00000000ddbfdaf8,0x00000000ddc00000)
  to   space 8192K, 0% used [0x00000000e1e80000,0x00000000e1e80000,0x00000000e2680000)
 ParOldGen       total 65024K, used 13185K [0x0000000081800000, 0x0000000085780000, 0x00000000d5d80000)
  object space 65024K, 20% used [0x0000000081800000,0x00000000824e06c0,0x0000000085780000)
 Metaspace       used 28394K, capacity 29772K, committed 30076K, reserved 1077248K
  class space    used 3826K, capacity 4121K, committed 4224K, reserved 1048576K
}

