# JRE version: Java(TM) SE Runtime Environment (8.0_271-b09) (build 1.8.0_271-b09)
# Java VM: Java HotSpot(TM) 64-Bit Server VM (25.271-b09 mixed mode windows-amd64 compressed oops)
Heap:
 PSYoungGen      total 263680K, used 38441K [0x00000000d5d80000, 0x00000000eb000000, 0x0000000100000000)
  eden space 244736K, 15% used [0x00000000d5d80000,0x00000000d830a480,0x00000000e4c80000)
  from space 18944K, 0% used [0x00000000e4c80000,0x00000000e4c80000,0x00000000e5f00000)
  to   space 19456K, 0% used [0x00000000e9d00000,0x00000000e9d00000,0x00000000eb000000)
 ParOldGen       total 109568K, used 22735K [0x0000000081800000, 0x0000000088300000, 0x00000000d5d80000)
  object space 109568K, 20% used [0x0000000081800000,0x0000000082e33cf0,0x0000000088300000)
 Metaspace       used 56216K, capacity 59183K, committed 59416K, reserved 1099776K
  class space    used 7682K, capacity 8205K, committed 8232K, reserved 1048576K
GC Heap History (10 events):
Event: 6.973 GC heap before
{Heap before GC invocations=10 (full 2):
 PSYoungGen      total 200704K, used 7813K [0x00000000d5d80000, 0x00000000e5180000, 0x0000000100000000)
  eden space 188416K, 0% used [0x00000000d5d80000,0x00000000d5d80000,0x00000000e1580000)
  from space 12288K, 63% used [0x00000000e2100000,0x00000000e28a1550,0x00000000e2d00000)
  to   space 11776K, 0% used [0x00000000e1580000,0x00000000e1580000,0x00000000e2100000)
 ParOldGen       total 53248K, used 10665K [0x0000000081800000, 0x0000000084c00000, 0x00000000d5d80000)
  object space 53248K, 20% used [0x0000000081800000,0x000000008226a660,0x0000000084c00000)
 Metaspace       used 33559K, capacity 35407K, committed 35496K, reserved 1079296K
  class space    used 4416K, capacity 4776K, committed 4776K, reserved 1048576K
Event: 7.043 GC heap after
Heap after GC invocations=10 (full 2):
 PSYoungGen      total 200704K, used 0K [0x00000000d5d80000, 0x00000000e5180000, 0x0000000100000000)
  eden space 188416K, 0% used [0x00000000d5d80000,0x00000000d5d80000,0x00000000e1580000)
  from space 12288K, 0% used [0x00000000e2100000,0x00000000e2100000,0x00000000e2d00000)
  to   space 11776K, 0% used [0x00000000e1580000,0x00000000e1580000,0x00000000e2100000)
 ParOldGen       total 75264K, used 12117K [0x0000000081800000, 0x0000000086180000, 0x00000000d5d80000)
  object space 75264K, 16% used [0x0000000081800000,0x00000000823d5618,0x0000000086180000)
 Metaspace       used 33559K, capacity 35407K, committed 35496K, reserved 1079296K
  class space    used 4416K, capacity 4776K, committed 4776K, reserved 1048576K
}
Event: 9.157 GC heap before
{Heap before GC invocations=11 (full 2):
 PSYoungGen      total 200704K, used 188416K [0x00000000d5d80000, 0x00000000e5180000, 0x0000000100000000)
  eden space 188416K, 100% used [0x00000000d5d80000,0x00000000e1580000,0x00000000e1580000)
  from space 12288K, 0% used [0x00000000e2100000,0x00000000e2100000,0x00000000e2d00000)
  to   space 11776K, 0% used [0x00000000e1580000,0x00000000e1580000,0x00000000e2100000)
 ParOldGen       total 75264K, used 12117K [0x0000000081800000, 0x0000000086180000, 0x00000000d5d80000)
  object space 75264K, 16% used [0x0000000081800000,0x00000000823d5618,0x0000000086180000)
 Metaspace       used 43141K, capacity 45361K, committed 45608K, reserved 1089536K
  class space    used 5953K, capacity 6356K, committed 6440K, reserved 1048576K
Event: 9.172 GC heap after
Heap after GC invocations=11 (full 2):
 PSYoungGen      total 200192K, used 11764K [0x00000000d5d80000, 0x00000000e7080000, 0x0000000100000000)
  eden space 188416K, 0% used [0x00000000d5d80000,0x00000000d5d80000,0x00000000e1580000)
  from space 11776K, 99% used [0x00000000e1580000,0x00000000e20fd2d0,0x00000000e2100000)
  to   space 14848K, 0% used [0x00000000e6200000,0x00000000e6200000,0x00000000e7080000)
 ParOldGen       total 75264K, used 15590K [0x0000000081800000, 0x0000000086180000, 0x00000000d5d80000)
  object space 75264K, 20% used [0x0000000081800000,0x0000000082739b00,0x0000000086180000)
 Metaspace       used 43141K, capacity 45361K, committed 45608K, reserved 1089536K
  class space    used 5953K, capacity 6356K, committed 6440K, reserved 1048576K
}
Event: 17.646 GC heap before
{Heap before GC invocations=12 (full 2):
 PSYoungGen      total 200192K, used 200180K [0x00000000d5d80000, 0x00000000e7080000, 0x0000000100000000)
  eden space 188416K, 100% used [0x00000000d5d80000,0x00000000e1580000,0x00000000e1580000)
  from space 11776K, 99% used [0x00000000e1580000,0x00000000e20fd2d0,0x00000000e2100000)
  to   space 14848K, 0% used [0x00000000e6200000,0x00000000e6200000,0x00000000e7080000)
 ParOldGen       total 75264K, used 15590K [0x0000000081800000, 0x0000000086180000, 0x00000000d5d80000)
  object space 75264K, 20% used [0x0000000081800000,0x0000000082739b00,0x0000000086180000)
 Metaspace       used 55456K, capacity 58363K, committed 58664K, reserved 1099776K
  class space    used 7617K, capacity 8109K, committed 8232K, reserved 1048576K
Event: 17.671 GC heap after
Heap after GC invocations=12 (full 2):
 PSYoungGen      total 259584K, used 14839K [0x00000000d5d80000, 0x00000000e7180000, 0x0000000100000000)
  eden space 244736K, 0% used [0x00000000d5d80000,0x00000000d5d80000,0x00000000e4c80000)
  from space 14848K, 99% used [0x00000000e6200000,0x00000000e707dca8,0x00000000e7080000)
  to   space 18944K, 0% used [0x00000000e4c80000,0x00000000e4c80000,0x00000000e5f00000)
 ParOldGen       total 75264K, used 21877K [0x0000000081800000, 0x0000000086180000, 0x00000000d5d80000)
  object space 75264K, 29% used [0x0000000081800000,0x0000000082d5d450,0x0000000086180000)
 Metaspace       used 55456K, capacity 58363K, committed 58664K, reserved 1099776K
  class space    used 7617K, capacity 8109K, committed 8232K, reserved 1048576K
}
Event: 81.744 GC heap before
{Heap before GC invocations=13 (full 2):
 PSYoungGen      total 259584K, used 66184K [0x00000000d5d80000, 0x00000000e7180000, 0x0000000100000000)
  eden space 244736K, 20% used [0x00000000d5d80000,0x00000000d8fa4458,0x00000000e4c80000)
  from space 14848K, 99% used [0x00000000e6200000,0x00000000e707dca8,0x00000000e7080000)
  to   space 18944K, 0% used [0x00000000e4c80000,0x00000000e4c80000,0x00000000e5f00000)
 ParOldGen       total 75264K, used 21877K [0x0000000081800000, 0x0000000086180000, 0x00000000d5d80000)
  object space 75264K, 29% used [0x0000000081800000,0x0000000082d5d450,0x0000000086180000)
 Metaspace       used 56179K, capacity 59119K, committed 59160K, reserved 1099776K
  class space    used 7682K, capacity 8205K, committed 8232K, reserved 1048576K
Event: 81.766 GC heap after
Heap after GC invocations=13 (full 2):
 PSYoungGen      total 263680K, used 1216K [0x00000000d5d80000, 0x00000000eb000000, 0x0000000100000000)
  eden space 244736K, 0% used [0x00000000d5d80000,0x00000000d5d80000,0x00000000e4c80000)
  from space 18944K, 6% used [0x00000000e4c80000,0x00000000e4db0000,0x00000000e5f00000)
  to   space 19456K, 0% used [0x00000000e9d00000,0x00000000e9d00000,0x00000000eb000000)
 ParOldGen       total 75264K, used 34010K [0x0000000081800000, 0x0000000086180000, 0x00000000d5d80000)
  object space 75264K, 45% used [0x0000000081800000,0x00000000839369b0,0x0000000086180000)
 Metaspace       used 56179K, capacity 59119K, committed 59160K, reserved 1099776K
  class space    used 7682K, capacity 8205K, committed 8232K, reserved 1048576K
}
Event: 81.766 GC heap before
{Heap before GC invocations=14 (full 3):
 PSYoungGen      total 263680K, used 1216K [0x00000000d5d80000, 0x00000000eb000000, 0x0000000100000000)
  eden space 244736K, 0% used [0x00000000d5d80000,0x00000000d5d80000,0x00000000e4c80000)
  from space 18944K, 6% used [0x00000000e4c80000,0x00000000e4db0000,0x00000000e5f00000)
  to   space 19456K, 0% used [0x00000000e9d00000,0x00000000e9d00000,0x00000000eb000000)
 ParOldGen       total 75264K, used 34010K [0x0000000081800000, 0x0000000086180000, 0x00000000d5d80000)
  object space 75264K, 45% used [0x0000000081800000,0x00000000839369b0,0x0000000086180000)
 Metaspace       used 56179K, capacity 59119K, committed 59160K, reserved 1099776K
  class space    used 7682K, capacity 8205K, committed 8232K, reserved 1048576K
Event: 81.932 GC heap after
Heap after GC invocations=14 (full 3):
 PSYoungGen      total 263680K, used 0K [0x00000000d5d80000, 0x00000000eb000000, 0x0000000100000000)
  eden space 244736K, 0% used [0x00000000d5d80000,0x00000000d5d80000,0x00000000e4c80000)
  from space 18944K, 0% used [0x00000000e4c80000,0x00000000e4c80000,0x00000000e5f00000)
  to   space 19456K, 0% used [0x00000000e9d00000,0x00000000e9d00000,0x00000000eb000000)
 ParOldGen       total 109568K, used 22735K [0x0000000081800000, 0x0000000088300000, 0x00000000d5d80000)
  object space 109568K, 20% used [0x0000000081800000,0x0000000082e33cf0,0x0000000088300000)
 Metaspace       used 56179K, capacity 59119K, committed 59160K, reserved 1099776K
  class space    used 7682K, capacity 8205K, committed 8232K, reserved 1048576K
}

