# JRE version: Java(TM) SE Runtime Environment (8.0_271-b09) (build 1.8.0_271-b09)
# Java VM: Java HotSpot(TM) 64-Bit Server VM (25.271-b09 mixed mode windows-amd64 compressed oops)
Heap:
 PSYoungGen      total 171008K, used 16402K [0x00000000d5d80000, 0x00000000e3280000, 0x0000000100000000)
  eden space 160256K, 3% used [0x00000000d5d80000,0x00000000d630a740,0x00000000dfa00000)
  from space 10752K, 99% used [0x00000000dfa00000,0x00000000e047a0f8,0x00000000e0480000)
  to   space 15360K, 0% used [0x00000000e2380000,0x00000000e2380000,0x00000000e3280000)
 ParOldGen       total 80896K, used 25856K [0x0000000081800000, 0x0000000086700000, 0x00000000d5d80000)
  object space 80896K, 31% used [0x0000000081800000,0x00000000831402f8,0x0000000086700000)
 Metaspace       used 54876K, capacity 57648K, committed 57856K, reserved 1099776K
  class space    used 7681K, capacity 8141K, committed 8192K, reserved 1048576K
GC Heap History (10 events):
Event: 4.921 GC heap before
{Heap before GC invocations=9 (full 1):
 PSYoungGen      total 74240K, used 69693K [0x00000000d5d80000, 0x00000000ddf80000, 0x0000000100000000)
  eden space 66048K, 100% used [0x00000000d5d80000,0x00000000d9e00000,0x00000000d9e00000)
  from space 8192K, 44% used [0x00000000d9e00000,0x00000000da18f560,0x00000000da600000)
  to   space 8192K, 0% used [0x00000000dd780000,0x00000000dd780000,0x00000000ddf80000)
 ParOldGen       total 49664K, used 6468K [0x0000000081800000, 0x0000000084880000, 0x00000000d5d80000)
  object space 49664K, 13% used [0x0000000081800000,0x0000000081e513b8,0x0000000084880000)
 Metaspace       used 26248K, capacity 27430K, committed 27520K, reserved 1073152K
  class space    used 3417K, capacity 3684K, committed 3712K, reserved 1048576K
Event: 4.931 GC heap after
Heap after GC invocations=9 (full 1):
 PSYoungGen      total 122880K, used 7539K [0x00000000d5d80000, 0x00000000ddf00000, 0x0000000100000000)
  eden space 115200K, 0% used [0x00000000d5d80000,0x00000000d5d80000,0x00000000dce00000)
  from space 7680K, 98% used [0x00000000dd780000,0x00000000ddedcf20,0x00000000ddf00000)
  to   space 8704K, 0% used [0x00000000dce00000,0x00000000dce00000,0x00000000dd680000)
 ParOldGen       total 49664K, used 6476K [0x0000000081800000, 0x0000000084880000, 0x00000000d5d80000)
  object space 49664K, 13% used [0x0000000081800000,0x0000000081e533b8,0x0000000084880000)
 Metaspace       used 26248K, capacity 27430K, committed 27520K, reserved 1073152K
  class space    used 3417K, capacity 3684K, committed 3712K, reserved 1048576K
}
Event: 7.214 GC heap before
{Heap before GC invocations=10 (full 1):
 PSYoungGen      total 122880K, used 106496K [0x00000000d5d80000, 0x00000000ddf00000, 0x0000000100000000)
  eden space 115200K, 85% used [0x00000000d5d80000,0x00000000dbe233e8,0x00000000dce00000)
  from space 7680K, 98% used [0x00000000dd780000,0x00000000ddedcf20,0x00000000ddf00000)
  to   space 8704K, 0% used [0x00000000dce00000,0x00000000dce00000,0x00000000dd680000)
 ParOldGen       total 49664K, used 6476K [0x0000000081800000, 0x0000000084880000, 0x00000000d5d80000)
  object space 49664K, 13% used [0x0000000081800000,0x0000000081e533b8,0x0000000084880000)
 Metaspace       used 33403K, capacity 35348K, committed 35456K, reserved 1079296K
  class space    used 4520K, capacity 4905K, committed 4992K, reserved 1048576K
Event: 7.225 GC heap after
Heap after GC invocations=10 (full 1):
 PSYoungGen      total 123904K, used 8700K [0x00000000d5d80000, 0x00000000e1300000, 0x0000000100000000)
  eden space 115200K, 0% used [0x00000000d5d80000,0x00000000d5d80000,0x00000000dce00000)
  from space 8704K, 99% used [0x00000000dce00000,0x00000000dd67f398,0x00000000dd680000)
  to   space 11264K, 0% used [0x00000000e0800000,0x00000000e0800000,0x00000000e1300000)
 ParOldGen       total 49664K, used 10117K [0x0000000081800000, 0x0000000084880000, 0x00000000d5d80000)
  object space 49664K, 20% used [0x0000000081800000,0x00000000821e17b0,0x0000000084880000)
 Metaspace       used 33403K, capacity 35348K, committed 35456K, reserved 1079296K
  class space    used 4520K, capacity 4905K, committed 4992K, reserved 1048576K
}
Event: 7.225 GC heap before
{Heap before GC invocations=11 (full 2):
 PSYoungGen      total 123904K, used 8700K [0x00000000d5d80000, 0x00000000e1300000, 0x0000000100000000)
  eden space 115200K, 0% used [0x00000000d5d80000,0x00000000d5d80000,0x00000000dce00000)
  from space 8704K, 99% used [0x00000000dce00000,0x00000000dd67f398,0x00000000dd680000)
  to   space 11264K, 0% used [0x00000000e0800000,0x00000000e0800000,0x00000000e1300000)
 ParOldGen       total 49664K, used 10117K [0x0000000081800000, 0x0000000084880000, 0x00000000d5d80000)
  object space 49664K, 20% used [0x0000000081800000,0x00000000821e17b0,0x0000000084880000)
 Metaspace       used 33403K, capacity 35348K, committed 35456K, reserved 1079296K
  class space    used 4520K, capacity 4905K, committed 4992K, reserved 1048576K
Event: 7.320 GC heap after
Heap after GC invocations=11 (full 2):
 PSYoungGen      total 123904K, used 0K [0x00000000d5d80000, 0x00000000e1300000, 0x0000000100000000)
  eden space 115200K, 0% used [0x00000000d5d80000,0x00000000d5d80000,0x00000000dce00000)
  from space 8704K, 0% used [0x00000000dce00000,0x00000000dce00000,0x00000000dd680000)
  to   space 11264K, 0% used [0x00000000e0800000,0x00000000e0800000,0x00000000e1300000)
 ParOldGen       total 80896K, used 16524K [0x0000000081800000, 0x0000000086700000, 0x00000000d5d80000)
  object space 80896K, 20% used [0x0000000081800000,0x00000000828232a8,0x0000000086700000)
 Metaspace       used 33403K, capacity 35348K, committed 35456K, reserved 1079296K
  class space    used 4520K, capacity 4905K, committed 4992K, reserved 1048576K
}
Event: 8.446 GC heap before
{Heap before GC invocations=12 (full 2):
 PSYoungGen      total 123904K, used 115200K [0x00000000d5d80000, 0x00000000e1300000, 0x0000000100000000)
  eden space 115200K, 100% used [0x00000000d5d80000,0x00000000dce00000,0x00000000dce00000)
  from space 8704K, 0% used [0x00000000dce00000,0x00000000dce00000,0x00000000dd680000)
  to   space 11264K, 0% used [0x00000000e0800000,0x00000000e0800000,0x00000000e1300000)
 ParOldGen       total 80896K, used 16524K [0x0000000081800000, 0x0000000086700000, 0x00000000d5d80000)
  object space 80896K, 20% used [0x0000000081800000,0x00000000828232a8,0x0000000086700000)
 Metaspace       used 39354K, capacity 41480K, committed 41728K, reserved 1085440K
  class space    used 5221K, capacity 5601K, committed 5632K, reserved 1048576K
Event: 8.453 GC heap after
Heap after GC invocations=12 (full 2):
 PSYoungGen      total 154624K, used 7032K [0x00000000d5d80000, 0x00000000e0f00000, 0x0000000100000000)
  eden space 147456K, 0% used [0x00000000d5d80000,0x00000000d5d80000,0x00000000ded80000)
  from space 7168K, 98% used [0x00000000e0800000,0x00000000e0ede218,0x00000000e0f00000)
  to   space 10752K, 0% used [0x00000000dfa00000,0x00000000dfa00000,0x00000000e0480000)
 ParOldGen       total 80896K, used 16532K [0x0000000081800000, 0x0000000086700000, 0x00000000d5d80000)
  object space 80896K, 20% used [0x0000000081800000,0x00000000828252a8,0x0000000086700000)
 Metaspace       used 39354K, capacity 41480K, committed 41728K, reserved 1085440K
  class space    used 5221K, capacity 5601K, committed 5632K, reserved 1048576K
}
Event: 10.536 GC heap before
{Heap before GC invocations=13 (full 2):
 PSYoungGen      total 154624K, used 154488K [0x00000000d5d80000, 0x00000000e0f00000, 0x0000000100000000)
  eden space 147456K, 100% used [0x00000000d5d80000,0x00000000ded80000,0x00000000ded80000)
  from space 7168K, 98% used [0x00000000e0800000,0x00000000e0ede218,0x00000000e0f00000)
  to   space 10752K, 0% used [0x00000000dfa00000,0x00000000dfa00000,0x00000000e0480000)
 ParOldGen       total 80896K, used 16532K [0x0000000081800000, 0x0000000086700000, 0x00000000d5d80000)
  object space 80896K, 20% used [0x0000000081800000,0x00000000828252a8,0x0000000086700000)
 Metaspace       used 54757K, capacity 57512K, committed 57600K, reserved 1099776K
  class space    used 7665K, capacity 8129K, committed 8192K, reserved 1048576K
Event: 10.563 GC heap after
Heap after GC invocations=13 (full 2):
 PSYoungGen      total 171008K, used 10728K [0x00000000d5d80000, 0x00000000e3280000, 0x0000000100000000)
  eden space 160256K, 0% used [0x00000000d5d80000,0x00000000d5d80000,0x00000000dfa00000)
  from space 10752K, 99% used [0x00000000dfa00000,0x00000000e047a0f8,0x00000000e0480000)
  to   space 15360K, 0% used [0x00000000e2380000,0x00000000e2380000,0x00000000e3280000)
 ParOldGen       total 80896K, used 25856K [0x0000000081800000, 0x0000000086700000, 0x00000000d5d80000)
  object space 80896K, 31% used [0x0000000081800000,0x00000000831402f8,0x0000000086700000)
 Metaspace       used 54757K, capacity 57512K, committed 57600K, reserved 1099776K
  class space    used 7665K, capacity 8129K, committed 8192K, reserved 1048576K
}

