# JRE version: Java(TM) SE Runtime Environment (8.0_271-b09) (build 1.8.0_271-b09)
# Java VM: Java HotSpot(TM) 64-Bit Server VM (25.271-b09 mixed mode windows-amd64 compressed oops)
Heap:
 PSYoungGen      total 203264K, used 46390K [0x00000000d5d80000, 0x00000000e4c80000, 0x0000000100000000)
  eden space 192512K, 24% used [0x00000000d5d80000,0x00000000d8acdb68,0x00000000e1980000)
  from space 10752K, 0% used [0x00000000e2500000,0x00000000e2500000,0x00000000e2f80000)
  to   space 11776K, 0% used [0x00000000e1980000,0x00000000e1980000,0x00000000e2500000)
 ParOldGen       total 52736K, used 14849K [0x0000000081800000, 0x0000000084b80000, 0x00000000d5d80000)
  object space 52736K, 28% used [0x0000000081800000,0x00000000826807b0,0x0000000084b80000)
 Metaspace       used 36031K, capacity 37800K, committed 37888K, reserved 1081344K
  class space    used 4704K, capacity 5051K, committed 5120K, reserved 1048576K
GC Heap History (10 events):
Event: 3.787 GC heap before
{Heap before GC invocations=6 (full 1):
 PSYoungGen      total 71680K, used 5100K [0x00000000d5d80000, 0x00000000df080000, 0x0000000100000000)
  eden space 66560K, 0% used [0x00000000d5d80000,0x00000000d5d80000,0x00000000d9e80000)
  from space 5120K, 99% used [0x00000000d9e80000,0x00000000da37b078,0x00000000da380000)
  to   space 8704K, 0% used [0x00000000de800000,0x00000000de800000,0x00000000df080000)
 ParOldGen       total 87552K, used 5392K [0x0000000081800000, 0x0000000086d80000, 0x00000000d5d80000)
  object space 87552K, 6% used [0x0000000081800000,0x0000000081d44388,0x0000000086d80000)
 Metaspace       used 20407K, capacity 21206K, committed 21296K, reserved 1067008K
  class space    used 2660K, capacity 2864K, committed 2944K, reserved 1048576K
Event: 3.821 GC heap after
Heap after GC invocations=6 (full 1):
 PSYoungGen      total 71680K, used 0K [0x00000000d5d80000, 0x00000000df080000, 0x0000000100000000)
  eden space 66560K, 0% used [0x00000000d5d80000,0x00000000d5d80000,0x00000000d9e80000)
  from space 5120K, 0% used [0x00000000d9e80000,0x00000000d9e80000,0x00000000da380000)
  to   space 8704K, 0% used [0x00000000de800000,0x00000000de800000,0x00000000df080000)
 ParOldGen       total 52736K, used 8053K [0x0000000081800000, 0x0000000084b80000, 0x00000000d5d80000)
  object space 52736K, 15% used [0x0000000081800000,0x0000000081fdd620,0x0000000084b80000)
 Metaspace       used 20407K, capacity 21206K, committed 21296K, reserved 1067008K
  class space    used 2660K, capacity 2864K, committed 2944K, reserved 1048576K
}
Event: 5.789 GC heap before
{Heap before GC invocations=7 (full 1):
 PSYoungGen      total 71680K, used 66560K [0x00000000d5d80000, 0x00000000df080000, 0x0000000100000000)
  eden space 66560K, 100% used [0x00000000d5d80000,0x00000000d9e80000,0x00000000d9e80000)
  from space 5120K, 0% used [0x00000000d9e80000,0x00000000d9e80000,0x00000000da380000)
  to   space 8704K, 0% used [0x00000000de800000,0x00000000de800000,0x00000000df080000)
 ParOldGen       total 52736K, used 8053K [0x0000000081800000, 0x0000000084b80000, 0x00000000d5d80000)
  object space 52736K, 15% used [0x0000000081800000,0x0000000081fdd620,0x0000000084b80000)
 Metaspace       used 25066K, capacity 26076K, committed 26368K, reserved 1073152K
  class space    used 3273K, capacity 3505K, committed 3584K, reserved 1048576K
Event: 5.799 GC heap after
Heap after GC invocations=7 (full 1):
 PSYoungGen      total 122368K, used 7215K [0x00000000d5d80000, 0x00000000def80000, 0x0000000100000000)
  eden space 114688K, 0% used [0x00000000d5d80000,0x00000000d5d80000,0x00000000dcd80000)
  from space 7680K, 93% used [0x00000000de800000,0x00000000def0bca0,0x00000000def80000)
  to   space 9216K, 0% used [0x00000000ddd80000,0x00000000ddd80000,0x00000000de680000)
 ParOldGen       total 52736K, used 8053K [0x0000000081800000, 0x0000000084b80000, 0x00000000d5d80000)
  object space 52736K, 15% used [0x0000000081800000,0x0000000081fdd620,0x0000000084b80000)
 Metaspace       used 25066K, capacity 26076K, committed 26368K, reserved 1073152K
  class space    used 3273K, capacity 3505K, committed 3584K, reserved 1048576K
}
Event: 7.086 GC heap before
{Heap before GC invocations=8 (full 1):
 PSYoungGen      total 122368K, used 121903K [0x00000000d5d80000, 0x00000000def80000, 0x0000000100000000)
  eden space 114688K, 100% used [0x00000000d5d80000,0x00000000dcd80000,0x00000000dcd80000)
  from space 7680K, 93% used [0x00000000de800000,0x00000000def0bca0,0x00000000def80000)
  to   space 9216K, 0% used [0x00000000ddd80000,0x00000000ddd80000,0x00000000de680000)
 ParOldGen       total 52736K, used 8053K [0x0000000081800000, 0x0000000084b80000, 0x00000000d5d80000)
  object space 52736K, 15% used [0x0000000081800000,0x0000000081fdd620,0x0000000084b80000)
 Metaspace       used 29185K, capacity 30352K, committed 30592K, reserved 1075200K
  class space    used 3838K, capacity 4097K, committed 4224K, reserved 1048576K
Event: 7.099 GC heap after
Heap after GC invocations=8 (full 1):
 PSYoungGen      total 140288K, used 9204K [0x00000000d5d80000, 0x00000000e2f80000, 0x0000000100000000)
  eden space 131072K, 0% used [0x00000000d5d80000,0x00000000d5d80000,0x00000000ddd80000)
  from space 9216K, 99% used [0x00000000ddd80000,0x00000000de67d038,0x00000000de680000)
  to   space 10752K, 0% used [0x00000000e2500000,0x00000000e2500000,0x00000000e2f80000)
 ParOldGen       total 52736K, used 8579K [0x0000000081800000, 0x0000000084b80000, 0x00000000d5d80000)
  object space 52736K, 16% used [0x0000000081800000,0x0000000082060d58,0x0000000084b80000)
 Metaspace       used 29185K, capacity 30352K, committed 30592K, reserved 1075200K
  class space    used 3838K, capacity 4097K, committed 4224K, reserved 1048576K
}
Event: 7.990 GC heap before
{Heap before GC invocations=9 (full 1):
 PSYoungGen      total 140288K, used 62667K [0x00000000d5d80000, 0x00000000e2f80000, 0x0000000100000000)
  eden space 131072K, 40% used [0x00000000d5d80000,0x00000000d91b5e28,0x00000000ddd80000)
  from space 9216K, 99% used [0x00000000ddd80000,0x00000000de67d038,0x00000000de680000)
  to   space 10752K, 0% used [0x00000000e2500000,0x00000000e2500000,0x00000000e2f80000)
 ParOldGen       total 52736K, used 8579K [0x0000000081800000, 0x0000000084b80000, 0x00000000d5d80000)
  object space 52736K, 16% used [0x0000000081800000,0x0000000082060d58,0x0000000084b80000)
 Metaspace       used 33714K, capacity 35332K, committed 35496K, reserved 1079296K
  class space    used 4429K, capacity 4751K, committed 4864K, reserved 1048576K
Event: 8.008 GC heap after
Heap after GC invocations=9 (full 1):
 PSYoungGen      total 203264K, used 10221K [0x00000000d5d80000, 0x00000000e4c80000, 0x0000000100000000)
  eden space 192512K, 0% used [0x00000000d5d80000,0x00000000d5d80000,0x00000000e1980000)
  from space 10752K, 95% used [0x00000000e2500000,0x00000000e2efb4c8,0x00000000e2f80000)
  to   space 11776K, 0% used [0x00000000e1980000,0x00000000e1980000,0x00000000e2500000)
 ParOldGen       total 52736K, used 8587K [0x0000000081800000, 0x0000000084b80000, 0x00000000d5d80000)
  object space 52736K, 16% used [0x0000000081800000,0x0000000082062d58,0x0000000084b80000)
 Metaspace       used 33714K, capacity 35332K, committed 35496K, reserved 1079296K
  class space    used 4429K, capacity 4751K, committed 4864K, reserved 1048576K
}
Event: 8.008 GC heap before
{Heap before GC invocations=10 (full 2):
 PSYoungGen      total 203264K, used 10221K [0x00000000d5d80000, 0x00000000e4c80000, 0x0000000100000000)
  eden space 192512K, 0% used [0x00000000d5d80000,0x00000000d5d80000,0x00000000e1980000)
  from space 10752K, 95% used [0x00000000e2500000,0x00000000e2efb4c8,0x00000000e2f80000)
  to   space 11776K, 0% used [0x00000000e1980000,0x00000000e1980000,0x00000000e2500000)
 ParOldGen       total 52736K, used 8587K [0x0000000081800000, 0x0000000084b80000, 0x00000000d5d80000)
  object space 52736K, 16% used [0x0000000081800000,0x0000000082062d58,0x0000000084b80000)
 Metaspace       used 33714K, capacity 35332K, committed 35496K, reserved 1079296K
  class space    used 4429K, capacity 4751K, committed 4864K, reserved 1048576K
Event: 8.090 GC heap after
Heap after GC invocations=10 (full 2):
 PSYoungGen      total 203264K, used 0K [0x00000000d5d80000, 0x00000000e4c80000, 0x0000000100000000)
  eden space 192512K, 0% used [0x00000000d5d80000,0x00000000d5d80000,0x00000000e1980000)
  from space 10752K, 0% used [0x00000000e2500000,0x00000000e2500000,0x00000000e2f80000)
  to   space 11776K, 0% used [0x00000000e1980000,0x00000000e1980000,0x00000000e2500000)
 ParOldGen       total 52736K, used 14849K [0x0000000081800000, 0x0000000084b80000, 0x00000000d5d80000)
  object space 52736K, 28% used [0x0000000081800000,0x00000000826807b0,0x0000000084b80000)
 Metaspace       used 33714K, capacity 35332K, committed 35496K, reserved 1079296K
  class space    used 4429K, capacity 4751K, committed 4864K, reserved 1048576K
}

